<?xml version="1.0" encoding="UTF-8"?>
<testng-results skipped="0" failed="0" ignored="0" total="1" passed="1">
  <reporter-output>
  </reporter-output>
  <suite name="Default suite" duration-ms="10018" started-at="2019-01-07T09:53:42Z" finished-at="2019-01-07T09:53:52Z">
    <groups>
    </groups>
    <test name="Default test" duration-ms="10018" started-at="2019-01-07T09:53:42Z" finished-at="2019-01-07T09:53:52Z">
      <class name="com.jp.selenium.testNg.wait.implicitExplicitWait">
        <test-method status="PASS" signature="f()[pri:0, instance:com.jp.selenium.testNg.wait.implicitExplicitWait@2c039ac6]" name="f" duration-ms="9996" started-at="2019-01-07T09:53:42Z" finished-at="2019-01-07T09:53:52Z">
          <reporter-output>
          </reporter-output>
        </test-method> <!-- f -->
      </class> <!-- com.jp.selenium.testNg.wait.implicitExplicitWait -->
    </test> <!-- Default test -->
  </suite> <!-- Default suite -->
</testng-results>
